<?xml version="1.0" encoding="UTF-8"?>
<testng-results ignored="0" total="1" passed="1" failed="0" skipped="0">
  <reporter-output>
  </reporter-output>
  <suite started-at="2022-09-26T15:48:43 IST" name="Default suite" finished-at="2022-09-26T15:48:44 IST" duration-ms="930">
    <groups>
    </groups>
    <test started-at="2022-09-26T15:48:43 IST" name="Default test" finished-at="2022-09-26T15:48:44 IST" duration-ms="930">
      <class name="extentreport.DemoOfExtentReport">
        <test-method signature="report1()[pri:0, instance:extentreport.DemoOfExtentReport@7205765b]" started-at="2022-09-26T15:48:43 IST" name="report1" finished-at="2022-09-26T15:48:44 IST" duration-ms="873" status="PASS">
          <reporter-output>
          </reporter-output>
        </test-method> <!-- report1 -->
      </class> <!-- extentreport.DemoOfExtentReport -->
    </test> <!-- Default test -->
  </suite> <!-- Default suite -->
</testng-results>
